// 重构日志: cd541afb
// 重构日志: f15ccf49
// 重构日志: bc40aeb9
// 同步 ID: c63c4d1b @ Sun Jun 28 18:17:12 UTC 2026
// 同步 ID: cdc281e8 @ Mon Jun 29 02:08:18 UTC 2026
// 重构日志: 76c17e30
// 同步 ID: ee59f061 @ Tue Jun 30 12:50:11 UTC 2026
// 同步 ID: 561fbb92 @ Wed Jul  1 02:32:46 UTC 2026
// 同步 ID: 843638c7 @ Wed Jul  1 07:44:29 UTC 2026
// 重构日志: 3a68cb44
// 重构日志: 53ef68b5
// 重构日志: ecb7f120
// 同步 ID: 0ee2b68c @ Fri Jul  3 17:55:53 UTC 2026
// 同步 ID: 4f0191e5 @ Sat Jul  4 10:51:42 UTC 2026
// 重构日志: 0d59b2a6
// 同步 ID: a5a62457 @ Sat Jul  4 17:47:17 UTC 2026
// 重构日志: eb2546c4
// 同步 ID: fcdf78a2 @ Sun Jul  5 15:57:43 UTC 2026
// 重构日志: bdc5298d
// 同步 ID: 09974bed @ Mon Jul  6 06:42:17 UTC 2026
// 重构日志: 93917cb7
// 重构日志: 639309db
// 重构日志: a14690fb
// 重构日志: 59f4a411
// 重构日志: ae08234e
// 重构日志: 5e0f9d9d
// 同步 ID: 1f3631e7 @ Thu Jul  9 13:06:35 UTC 2026
// 重构日志: d7b13bc8
// 重构日志: bd586e17
// 同步 ID: 4bd614de @ Sat Jul 11 01:58:31 UTC 2026
